<?xml version="1.0" encoding="UTF-8"?>
<testsuite name="ru.netology.IlyaRomanov.OperationHistoryApiApplicationTest" tests="1" skipped="0" failures="0" errors="0" timestamp="2023-12-23T10:54:57" hostname="ACRY" time="0.006">
  <properties/>
  <testcase name="contextLoad()" classname="ru.netology.IlyaRomanov.OperationHistoryApiApplicationTest" time="0.006"/>
  <system-out><![CDATA[2023-12-23 15:54:57.876  INFO 14640 --- [    Test worker] .b.t.c.SpringBootTestContextBootstrapper : Neither @ContextConfiguration nor @ContextHierarchy found for test class [ru.netology.IlyaRomanov.OperationHistoryApiApplicationTest], using SpringBootContextLoader
2023-12-23 15:54:57.880  INFO 14640 --- [    Test worker] o.s.t.c.support.AbstractContextLoader    : Could not detect default resource locations for test class [ru.netology.IlyaRomanov.OperationHistoryApiApplicationTest]: no resource found for suffixes {-context.xml, Context.groovy}.
2023-12-23 15:54:57.881  INFO 14640 --- [    Test worker] t.c.s.AnnotationConfigContextLoaderUtils : Could not detect default configuration classes for test class [ru.netology.IlyaRomanov.OperationHistoryApiApplicationTest]: OperationHistoryApiApplicationTest does not declare any static, non-private, non-final, nested classes annotated with @Configuration.
2023-12-23 15:54:57.883  INFO 14640 --- [    Test worker] .b.t.c.SpringBootTestContextBootstrapper : Found @SpringBootConfiguration ru.netology.IlyaRomanov.OperationHistoryApiApplication for test class ru.netology.IlyaRomanov.OperationHistoryApiApplicationTest
2023-12-23 15:54:57.885  INFO 14640 --- [    Test worker] .b.t.c.SpringBootTestContextBootstrapper : Loaded default TestExecutionListener class names from location [META-INF/spring.factories]: [org.springframework.boot.test.autoconfigure.restdocs.RestDocsTestExecutionListener, org.springframework.boot.test.autoconfigure.web.client.MockRestServiceServerResetTestExecutionListener, org.springframework.boot.test.autoconfigure.web.servlet.MockMvcPrintOnlyOnFailureTestExecutionListener, org.springframework.boot.test.autoconfigure.web.servlet.WebDriverTestExecutionListener, org.springframework.boot.test.autoconfigure.webservices.client.MockWebServiceServerTestExecutionListener, org.springframework.boot.test.mock.mockito.MockitoTestExecutionListener, org.springframework.boot.test.mock.mockito.ResetMocksTestExecutionListener, org.springframework.test.context.web.ServletTestExecutionListener, org.springframework.test.context.support.DirtiesContextBeforeModesTestExecutionListener, org.springframework.test.context.event.ApplicationEventsTestExecutionListener, org.springframework.test.context.support.DependencyInjectionTestExecutionListener, org.springframework.test.context.support.DirtiesContextTestExecutionListener, org.springframework.test.context.transaction.TransactionalTestExecutionListener, org.springframework.test.context.jdbc.SqlScriptsTestExecutionListener, org.springframework.test.context.event.EventPublishingTestExecutionListener]
2023-12-23 15:54:57.887  INFO 14640 --- [    Test worker] .b.t.c.SpringBootTestContextBootstrapper : Using TestExecutionListeners: [org.springframework.test.context.web.ServletTestExecutionListener@2a8f8555, org.springframework.test.context.support.DirtiesContextBeforeModesTestExecutionListener@402b4f81, org.springframework.test.context.event.ApplicationEventsTestExecutionListener@13ef7fa1, org.springframework.boot.test.mock.mockito.MockitoTestExecutionListener@23b1aa9, org.springframework.boot.test.autoconfigure.SpringBootDependencyInjectionTestExecutionListener@54489296, org.springframework.test.context.support.DirtiesContextTestExecutionListener@4e8598d9, org.springframework.test.context.event.EventPublishingTestExecutionListener@267ff4df, org.springframework.boot.test.autoconfigure.restdocs.RestDocsTestExecutionListener@7c4b5ceb, org.springframework.boot.test.autoconfigure.web.client.MockRestServiceServerResetTestExecutionListener@6c07add6, org.springframework.boot.test.autoconfigure.web.servlet.MockMvcPrintOnlyOnFailureTestExecutionListener@e26a3df, org.springframework.boot.test.autoconfigure.web.servlet.WebDriverTestExecutionListener@57a667c8, org.springframework.boot.test.autoconfigure.webservices.client.MockWebServiceServerTestExecutionListener@712cd5d3, org.springframework.boot.test.mock.mockito.ResetMocksTestExecutionListener@2094bf3d]
]]></system-out>
  <system-err><![CDATA[]]></system-err>
</testsuite>
