<?xml version="1.0" encoding="UTF-8"?>
<testsuite name="ru.netology.IlyaRomanov.CustomerServiceTest" tests="2" skipped="0" failures="0" errors="0" timestamp="2023-12-23T10:19:56" hostname="ACRY" time="0.018">
  <properties/>
  <testcase name="contextLoad()" classname="ru.netology.IlyaRomanov.CustomerServiceTest" time="0.007"/>
  <testcase name="addCustomerTest()" classname="ru.netology.IlyaRomanov.CustomerServiceTest" time="0.009"/>
  <system-out><![CDATA[2023-12-23 15:19:56.932  INFO 15680 --- [    Test worker] .b.t.c.SpringBootTestContextBootstrapper : Neither @ContextConfiguration nor @ContextHierarchy found for test class [ru.netology.IlyaRomanov.CustomerServiceTest], using SpringBootContextLoader
2023-12-23 15:19:56.934  INFO 15680 --- [    Test worker] o.s.t.c.support.AbstractContextLoader    : Could not detect default resource locations for test class [ru.netology.IlyaRomanov.CustomerServiceTest]: no resource found for suffixes {-context.xml, Context.groovy}.
2023-12-23 15:19:56.934  INFO 15680 --- [    Test worker] t.c.s.AnnotationConfigContextLoaderUtils : Could not detect default configuration classes for test class [ru.netology.IlyaRomanov.CustomerServiceTest]: CustomerServiceTest does not declare any static, non-private, non-final, nested classes annotated with @Configuration.
2023-12-23 15:19:56.937  INFO 15680 --- [    Test worker] .b.t.c.SpringBootTestContextBootstrapper : Found @SpringBootConfiguration ru.netology.IlyaRomanov.OperationHistoryApiApplication for test class ru.netology.IlyaRomanov.CustomerServiceTest
2023-12-23 15:19:56.958  INFO 15680 --- [    Test worker] .b.t.c.SpringBootTestContextBootstrapper : Loaded default TestExecutionListener class names from location [META-INF/spring.factories]: [org.springframework.boot.test.autoconfigure.restdocs.RestDocsTestExecutionListener, org.springframework.boot.test.autoconfigure.web.client.MockRestServiceServerResetTestExecutionListener, org.springframework.boot.test.autoconfigure.web.servlet.MockMvcPrintOnlyOnFailureTestExecutionListener, org.springframework.boot.test.autoconfigure.web.servlet.WebDriverTestExecutionListener, org.springframework.boot.test.autoconfigure.webservices.client.MockWebServiceServerTestExecutionListener, org.springframework.boot.test.mock.mockito.MockitoTestExecutionListener, org.springframework.boot.test.mock.mockito.ResetMocksTestExecutionListener, org.springframework.test.context.web.ServletTestExecutionListener, org.springframework.test.context.support.DirtiesContextBeforeModesTestExecutionListener, org.springframework.test.context.event.ApplicationEventsTestExecutionListener, org.springframework.test.context.support.DependencyInjectionTestExecutionListener, org.springframework.test.context.support.DirtiesContextTestExecutionListener, org.springframework.test.context.transaction.TransactionalTestExecutionListener, org.springframework.test.context.jdbc.SqlScriptsTestExecutionListener, org.springframework.test.context.event.EventPublishingTestExecutionListener]
2023-12-23 15:19:56.961  INFO 15680 --- [    Test worker] .b.t.c.SpringBootTestContextBootstrapper : Using TestExecutionListeners: [org.springframework.test.context.web.ServletTestExecutionListener@633ddc0c, org.springframework.test.context.support.DirtiesContextBeforeModesTestExecutionListener@4bcdd11, org.springframework.test.context.event.ApplicationEventsTestExecutionListener@1471b98d, org.springframework.boot.test.mock.mockito.MockitoTestExecutionListener@5514579e, org.springframework.boot.test.autoconfigure.SpringBootDependencyInjectionTestExecutionListener@58c42c8c, org.springframework.test.context.support.DirtiesContextTestExecutionListener@3af236d0, org.springframework.test.context.event.EventPublishingTestExecutionListener@23564dd2, org.springframework.boot.test.autoconfigure.restdocs.RestDocsTestExecutionListener@54895681, org.springframework.boot.test.autoconfigure.web.client.MockRestServiceServerResetTestExecutionListener@2dd0a0d0, org.springframework.boot.test.autoconfigure.web.servlet.MockMvcPrintOnlyOnFailureTestExecutionListener@6bf570c, org.springframework.boot.test.autoconfigure.web.servlet.WebDriverTestExecutionListener@1796b2d4, org.springframework.boot.test.autoconfigure.webservices.client.MockWebServiceServerTestExecutionListener@935d3f9, org.springframework.boot.test.mock.mockito.ResetMocksTestExecutionListener@214b342f]
]]></system-out>
  <system-err><![CDATA[]]></system-err>
</testsuite>
