<?xml version="1.0" encoding="UTF-8"?>
<testsuite name="ru.netology.IlyaRomanov.CustomerServiceTest" tests="2" skipped="0" failures="0" errors="0" timestamp="2023-12-23T10:54:49" hostname="ACRY" time="0.124">
  <properties/>
  <testcase name="contextLoad()" classname="ru.netology.IlyaRomanov.CustomerServiceTest" time="0.087"/>
  <testcase name="addCustomerTest()" classname="ru.netology.IlyaRomanov.CustomerServiceTest" time="0.024"/>
  <system-out><![CDATA[2023-12-23 15:54:49.343  INFO 14640 --- [    Test worker] .b.t.c.SpringBootTestContextBootstrapper : Neither @ContextConfiguration nor @ContextHierarchy found for test class [ru.netology.IlyaRomanov.CustomerServiceTest], using SpringBootContextLoader
2023-12-23 15:54:49.345  INFO 14640 --- [    Test worker] o.s.t.c.support.AbstractContextLoader    : Could not detect default resource locations for test class [ru.netology.IlyaRomanov.CustomerServiceTest]: no resource found for suffixes {-context.xml, Context.groovy}.
2023-12-23 15:54:49.346  INFO 14640 --- [    Test worker] t.c.s.AnnotationConfigContextLoaderUtils : Could not detect default configuration classes for test class [ru.netology.IlyaRomanov.CustomerServiceTest]: CustomerServiceTest does not declare any static, non-private, non-final, nested classes annotated with @Configuration.
2023-12-23 15:54:49.351  INFO 14640 --- [    Test worker] .b.t.c.SpringBootTestContextBootstrapper : Found @SpringBootConfiguration ru.netology.IlyaRomanov.OperationHistoryApiApplication for test class ru.netology.IlyaRomanov.CustomerServiceTest
2023-12-23 15:54:49.355  INFO 14640 --- [    Test worker] .b.t.c.SpringBootTestContextBootstrapper : Loaded default TestExecutionListener class names from location [META-INF/spring.factories]: [org.springframework.boot.test.autoconfigure.restdocs.RestDocsTestExecutionListener, org.springframework.boot.test.autoconfigure.web.client.MockRestServiceServerResetTestExecutionListener, org.springframework.boot.test.autoconfigure.web.servlet.MockMvcPrintOnlyOnFailureTestExecutionListener, org.springframework.boot.test.autoconfigure.web.servlet.WebDriverTestExecutionListener, org.springframework.boot.test.autoconfigure.webservices.client.MockWebServiceServerTestExecutionListener, org.springframework.boot.test.mock.mockito.MockitoTestExecutionListener, org.springframework.boot.test.mock.mockito.ResetMocksTestExecutionListener, org.springframework.test.context.web.ServletTestExecutionListener, org.springframework.test.context.support.DirtiesContextBeforeModesTestExecutionListener, org.springframework.test.context.event.ApplicationEventsTestExecutionListener, org.springframework.test.context.support.DependencyInjectionTestExecutionListener, org.springframework.test.context.support.DirtiesContextTestExecutionListener, org.springframework.test.context.transaction.TransactionalTestExecutionListener, org.springframework.test.context.jdbc.SqlScriptsTestExecutionListener, org.springframework.test.context.event.EventPublishingTestExecutionListener]
Processing operation: Operation(id=1, sum=123, currency=rub, merchant=Merch, clientId=1)
Waiting for next operation in queue
2023-12-23 15:54:49.357  INFO 14640 --- [    Test worker] .b.t.c.SpringBootTestContextBootstrapper : Using TestExecutionListeners: [org.springframework.test.context.web.ServletTestExecutionListener@4bce62b, org.springframework.test.context.support.DirtiesContextBeforeModesTestExecutionListener@7bf018dd, org.springframework.test.context.event.ApplicationEventsTestExecutionListener@15a8cebd, org.springframework.boot.test.mock.mockito.MockitoTestExecutionListener@3f6c2763, org.springframework.boot.test.autoconfigure.SpringBootDependencyInjectionTestExecutionListener@5c82031b, org.springframework.test.context.support.DirtiesContextTestExecutionListener@274fdea6, org.springframework.test.context.event.EventPublishingTestExecutionListener@74c121d4, org.springframework.boot.test.autoconfigure.restdocs.RestDocsTestExecutionListener@2a484710, org.springframework.boot.test.autoconfigure.web.client.MockRestServiceServerResetTestExecutionListener@661e1399, org.springframework.boot.test.autoconfigure.web.servlet.MockMvcPrintOnlyOnFailureTestExecutionListener@3ffd4b12, org.springframework.boot.test.autoconfigure.web.servlet.WebDriverTestExecutionListener@424f02b8, org.springframework.boot.test.autoconfigure.webservices.client.MockWebServiceServerTestExecutionListener@2ad7bd26, org.springframework.boot.test.mock.mockito.ResetMocksTestExecutionListener@3cc3f13e]
]]></system-out>
  <system-err><![CDATA[]]></system-err>
</testsuite>
