<?xml version="1.0" encoding="UTF-8"?>
<testsuite name="ru.netology.IlyaRomanov.OperationControllerTest" tests="4" skipped="0" failures="0" errors="0" timestamp="2023-12-23T10:54:49" hostname="ACRY" time="8.189">
  <properties/>
  <testcase name="contextLoad()" classname="ru.netology.IlyaRomanov.OperationControllerTest" time="0.047"/>
  <testcase name="deleteOperationTest()" classname="ru.netology.IlyaRomanov.OperationControllerTest" time="2.004"/>
  <testcase name="addOperationTest()" classname="ru.netology.IlyaRomanov.OperationControllerTest" time="3.006"/>
  <testcase name="getCustomerOperationsTest()" classname="ru.netology.IlyaRomanov.OperationControllerTest" time="3.011"/>
  <system-out><![CDATA[2023-12-23 15:54:49.581  INFO 14640 --- [    Test worker] .b.t.c.SpringBootTestContextBootstrapper : Neither @ContextConfiguration nor @ContextHierarchy found for test class [ru.netology.IlyaRomanov.OperationControllerTest], using SpringBootContextLoader
2023-12-23 15:54:49.616  INFO 14640 --- [    Test worker] o.s.t.c.support.AbstractContextLoader    : Could not detect default resource locations for test class [ru.netology.IlyaRomanov.OperationControllerTest]: no resource found for suffixes {-context.xml, Context.groovy}.
2023-12-23 15:54:49.619  INFO 14640 --- [    Test worker] t.c.s.AnnotationConfigContextLoaderUtils : Could not detect default configuration classes for test class [ru.netology.IlyaRomanov.OperationControllerTest]: OperationControllerTest does not declare any static, non-private, non-final, nested classes annotated with @Configuration.
2023-12-23 15:54:49.635  INFO 14640 --- [    Test worker] .b.t.c.SpringBootTestContextBootstrapper : Found @SpringBootConfiguration ru.netology.IlyaRomanov.OperationHistoryApiApplication for test class ru.netology.IlyaRomanov.OperationControllerTest
2023-12-23 15:54:49.654  INFO 14640 --- [    Test worker] .b.t.c.SpringBootTestContextBootstrapper : Loaded default TestExecutionListener class names from location [META-INF/spring.factories]: [org.springframework.boot.test.autoconfigure.restdocs.RestDocsTestExecutionListener, org.springframework.boot.test.autoconfigure.web.client.MockRestServiceServerResetTestExecutionListener, org.springframework.boot.test.autoconfigure.web.servlet.MockMvcPrintOnlyOnFailureTestExecutionListener, org.springframework.boot.test.autoconfigure.web.servlet.WebDriverTestExecutionListener, org.springframework.boot.test.autoconfigure.webservices.client.MockWebServiceServerTestExecutionListener, org.springframework.boot.test.mock.mockito.MockitoTestExecutionListener, org.springframework.boot.test.mock.mockito.ResetMocksTestExecutionListener, org.springframework.test.context.web.ServletTestExecutionListener, org.springframework.test.context.support.DirtiesContextBeforeModesTestExecutionListener, org.springframework.test.context.event.ApplicationEventsTestExecutionListener, org.springframework.test.context.support.DependencyInjectionTestExecutionListener, org.springframework.test.context.support.DirtiesContextTestExecutionListener, org.springframework.test.context.transaction.TransactionalTestExecutionListener, org.springframework.test.context.jdbc.SqlScriptsTestExecutionListener, org.springframework.test.context.event.EventPublishingTestExecutionListener]
2023-12-23 15:54:49.659  INFO 14640 --- [    Test worker] .b.t.c.SpringBootTestContextBootstrapper : Using TestExecutionListeners: [org.springframework.test.context.web.ServletTestExecutionListener@482ba4b1, org.springframework.test.context.support.DirtiesContextBeforeModesTestExecutionListener@307af381, org.springframework.test.context.event.ApplicationEventsTestExecutionListener@1510b9a2, org.springframework.boot.test.mock.mockito.MockitoTestExecutionListener@76a6f045, org.springframework.boot.test.autoconfigure.SpringBootDependencyInjectionTestExecutionListener@633ddc0c, org.springframework.test.context.support.DirtiesContextTestExecutionListener@4bcdd11, org.springframework.test.context.event.EventPublishingTestExecutionListener@1471b98d, org.springframework.boot.test.autoconfigure.restdocs.RestDocsTestExecutionListener@5514579e, org.springframework.boot.test.autoconfigure.web.client.MockRestServiceServerResetTestExecutionListener@58c42c8c, org.springframework.boot.test.autoconfigure.web.servlet.MockMvcPrintOnlyOnFailureTestExecutionListener@3af236d0, org.springframework.boot.test.autoconfigure.web.servlet.WebDriverTestExecutionListener@23564dd2, org.springframework.boot.test.autoconfigure.webservices.client.MockWebServiceServerTestExecutionListener@54895681, org.springframework.boot.test.mock.mockito.ResetMocksTestExecutionListener@2dd0a0d0]
Processing operation: Operation(id=1, sum=123, currency=rub, merchant=merch, clientId=1)
Processing operation: Operation(id=2, sum=1231, currency=rub, merchant=merch1, clientId=2)
Waiting for next operation in queue
Waiting for next operation in queue
Processing operation: Operation(id=1, sum=123, currency=rub, merchant=merch, clientId=1)
Processing operation: Operation(id=2, sum=1231, currency=rub, merchant=merch1, clientId=2)
Waiting for next operation in queue
Waiting for next operation in queue
Waiting for next operation in queue
Processing operation: Operation(id=1, sum=123, currency=rub, merchant=merch, clientId=1)
Processing operation: Operation(id=2, sum=1231, currency=rub, merchant=merch1, clientId=1)
Processing operation: Operation(id=1, sum=123, currency=rub, merchant=merch, clientId=1)
Waiting for next operation in queue
Waiting for next operation in queue
Waiting for next operation in queue
]]></system-out>
  <system-err><![CDATA[]]></system-err>
</testsuite>
