<?xml version="1.0" encoding="UTF-8"?>
<testsuite name="ru.netology.IlyaRomanov.StatementServiceTest" tests="3" skipped="0" failures="0" errors="0" timestamp="2023-12-23T10:54:57" hostname="ACRY" time="0.032">
  <properties/>
  <testcase name="contextLoad()" classname="ru.netology.IlyaRomanov.StatementServiceTest" time="0.008"/>
  <testcase name="deleteOperationById()" classname="ru.netology.IlyaRomanov.StatementServiceTest" time="0.007"/>
  <testcase name="AddToStatementTest()" classname="ru.netology.IlyaRomanov.StatementServiceTest" time="0.01"/>
  <system-out><![CDATA[2023-12-23 15:54:57.906  INFO 14640 --- [    Test worker] .b.t.c.SpringBootTestContextBootstrapper : Neither @ContextConfiguration nor @ContextHierarchy found for test class [ru.netology.IlyaRomanov.StatementServiceTest], using SpringBootContextLoader
2023-12-23 15:54:57.909  INFO 14640 --- [    Test worker] o.s.t.c.support.AbstractContextLoader    : Could not detect default resource locations for test class [ru.netology.IlyaRomanov.StatementServiceTest]: no resource found for suffixes {-context.xml, Context.groovy}.
2023-12-23 15:54:57.911  INFO 14640 --- [    Test worker] t.c.s.AnnotationConfigContextLoaderUtils : Could not detect default configuration classes for test class [ru.netology.IlyaRomanov.StatementServiceTest]: StatementServiceTest does not declare any static, non-private, non-final, nested classes annotated with @Configuration.
2023-12-23 15:54:57.915  INFO 14640 --- [    Test worker] .b.t.c.SpringBootTestContextBootstrapper : Found @SpringBootConfiguration ru.netology.IlyaRomanov.OperationHistoryApiApplication for test class ru.netology.IlyaRomanov.StatementServiceTest
2023-12-23 15:54:57.917  INFO 14640 --- [    Test worker] .b.t.c.SpringBootTestContextBootstrapper : Loaded default TestExecutionListener class names from location [META-INF/spring.factories]: [org.springframework.boot.test.autoconfigure.restdocs.RestDocsTestExecutionListener, org.springframework.boot.test.autoconfigure.web.client.MockRestServiceServerResetTestExecutionListener, org.springframework.boot.test.autoconfigure.web.servlet.MockMvcPrintOnlyOnFailureTestExecutionListener, org.springframework.boot.test.autoconfigure.web.servlet.WebDriverTestExecutionListener, org.springframework.boot.test.autoconfigure.webservices.client.MockWebServiceServerTestExecutionListener, org.springframework.boot.test.mock.mockito.MockitoTestExecutionListener, org.springframework.boot.test.mock.mockito.ResetMocksTestExecutionListener, org.springframework.test.context.web.ServletTestExecutionListener, org.springframework.test.context.support.DirtiesContextBeforeModesTestExecutionListener, org.springframework.test.context.event.ApplicationEventsTestExecutionListener, org.springframework.test.context.support.DependencyInjectionTestExecutionListener, org.springframework.test.context.support.DirtiesContextTestExecutionListener, org.springframework.test.context.transaction.TransactionalTestExecutionListener, org.springframework.test.context.jdbc.SqlScriptsTestExecutionListener, org.springframework.test.context.event.EventPublishingTestExecutionListener]
2023-12-23 15:54:57.918  INFO 14640 --- [    Test worker] .b.t.c.SpringBootTestContextBootstrapper : Using TestExecutionListeners: [org.springframework.test.context.web.ServletTestExecutionListener@1b17d8ab, org.springframework.test.context.support.DirtiesContextBeforeModesTestExecutionListener@7f6b7426, org.springframework.test.context.event.ApplicationEventsTestExecutionListener@687eb455, org.springframework.boot.test.mock.mockito.MockitoTestExecutionListener@6d969330, org.springframework.boot.test.autoconfigure.SpringBootDependencyInjectionTestExecutionListener@4861cca9, org.springframework.test.context.support.DirtiesContextTestExecutionListener@6c8f4bc7, org.springframework.test.context.event.EventPublishingTestExecutionListener@714e861f, org.springframework.boot.test.autoconfigure.restdocs.RestDocsTestExecutionListener@28989415, org.springframework.boot.test.autoconfigure.web.client.MockRestServiceServerResetTestExecutionListener@6eda012b, org.springframework.boot.test.autoconfigure.web.servlet.MockMvcPrintOnlyOnFailureTestExecutionListener@781dbe44, org.springframework.boot.test.autoconfigure.web.servlet.WebDriverTestExecutionListener@7d66a126, org.springframework.boot.test.autoconfigure.webservices.client.MockWebServiceServerTestExecutionListener@1132baa3, org.springframework.boot.test.mock.mockito.ResetMocksTestExecutionListener@2fdf22f7]
]]></system-out>
  <system-err><![CDATA[]]></system-err>
</testsuite>
