<?xml version="1.0" encoding="UTF-8"?>
<testsuite name="ru.netology.IlyaRomanov.CustomerControllerTest" tests="4" skipped="0" failures="0" errors="0" timestamp="2023-12-23T10:54:49" hostname="ACRY" time="0.092">
  <properties/>
  <testcase name="contextLoad()" classname="ru.netology.IlyaRomanov.CustomerControllerTest" time="0.005"/>
  <testcase name="getCustomerTest()" classname="ru.netology.IlyaRomanov.CustomerControllerTest" time="0.017"/>
  <testcase name="addCustomerTest()" classname="ru.netology.IlyaRomanov.CustomerControllerTest" time="0.023"/>
  <testcase name="getCustomersTest()" classname="ru.netology.IlyaRomanov.CustomerControllerTest" time="0.008"/>
  <system-out><![CDATA[2023-12-23 15:54:49.148  INFO 14640 --- [    Test worker] .b.t.c.SpringBootTestContextBootstrapper : Neither @ContextConfiguration nor @ContextHierarchy found for test class [ru.netology.IlyaRomanov.CustomerControllerTest], using SpringBootContextLoader
2023-12-23 15:54:49.150  INFO 14640 --- [    Test worker] o.s.t.c.support.AbstractContextLoader    : Could not detect default resource locations for test class [ru.netology.IlyaRomanov.CustomerControllerTest]: no resource found for suffixes {-context.xml, Context.groovy}.
2023-12-23 15:54:49.151  INFO 14640 --- [    Test worker] t.c.s.AnnotationConfigContextLoaderUtils : Could not detect default configuration classes for test class [ru.netology.IlyaRomanov.CustomerControllerTest]: CustomerControllerTest does not declare any static, non-private, non-final, nested classes annotated with @Configuration.
2023-12-23 15:54:49.163  INFO 14640 --- [    Test worker] .b.t.c.SpringBootTestContextBootstrapper : Found @SpringBootConfiguration ru.netology.IlyaRomanov.OperationHistoryApiApplication for test class ru.netology.IlyaRomanov.CustomerControllerTest
2023-12-23 15:54:49.190  INFO 14640 --- [    Test worker] .b.t.c.SpringBootTestContextBootstrapper : Loaded default TestExecutionListener class names from location [META-INF/spring.factories]: [org.springframework.boot.test.autoconfigure.restdocs.RestDocsTestExecutionListener, org.springframework.boot.test.autoconfigure.web.client.MockRestServiceServerResetTestExecutionListener, org.springframework.boot.test.autoconfigure.web.servlet.MockMvcPrintOnlyOnFailureTestExecutionListener, org.springframework.boot.test.autoconfigure.web.servlet.WebDriverTestExecutionListener, org.springframework.boot.test.autoconfigure.webservices.client.MockWebServiceServerTestExecutionListener, org.springframework.boot.test.mock.mockito.MockitoTestExecutionListener, org.springframework.boot.test.mock.mockito.ResetMocksTestExecutionListener, org.springframework.test.context.web.ServletTestExecutionListener, org.springframework.test.context.support.DirtiesContextBeforeModesTestExecutionListener, org.springframework.test.context.event.ApplicationEventsTestExecutionListener, org.springframework.test.context.support.DependencyInjectionTestExecutionListener, org.springframework.test.context.support.DirtiesContextTestExecutionListener, org.springframework.test.context.transaction.TransactionalTestExecutionListener, org.springframework.test.context.jdbc.SqlScriptsTestExecutionListener, org.springframework.test.context.event.EventPublishingTestExecutionListener]
2023-12-23 15:54:49.191  INFO 14640 --- [    Test worker] .b.t.c.SpringBootTestContextBootstrapper : Using TestExecutionListeners: [org.springframework.test.context.web.ServletTestExecutionListener@7a572ea0, org.springframework.test.context.support.DirtiesContextBeforeModesTestExecutionListener@45287377, org.springframework.test.context.event.ApplicationEventsTestExecutionListener@7159d601, org.springframework.boot.test.mock.mockito.MockitoTestExecutionListener@70b33256, org.springframework.boot.test.autoconfigure.SpringBootDependencyInjectionTestExecutionListener@33d230ce, org.springframework.test.context.support.DirtiesContextTestExecutionListener@35e74e08, org.springframework.test.context.event.EventPublishingTestExecutionListener@a316f6b, org.springframework.boot.test.autoconfigure.restdocs.RestDocsTestExecutionListener@63f9ddf9, org.springframework.boot.test.autoconfigure.web.client.MockRestServiceServerResetTestExecutionListener@410fc508, org.springframework.boot.test.autoconfigure.web.servlet.MockMvcPrintOnlyOnFailureTestExecutionListener@4e17442f, org.springframework.boot.test.autoconfigure.web.servlet.WebDriverTestExecutionListener@4f5c30b1, org.springframework.boot.test.autoconfigure.webservices.client.MockWebServiceServerTestExecutionListener@62e73ab6, org.springframework.boot.test.mock.mockito.ResetMocksTestExecutionListener@5d7f8467]
]]></system-out>
  <system-err><![CDATA[]]></system-err>
</testsuite>
