<?xml version="1.0" encoding="UTF-8"?>
<testsuite name="ru.netology.IlyaRomanov.OperationHistoryApiApplicationTest" tests="1" skipped="0" failures="0" errors="0" timestamp="2023-12-23T10:20:05" hostname="ACRY" time="0.005">
  <properties/>
  <testcase name="contextLoad()" classname="ru.netology.IlyaRomanov.OperationHistoryApiApplicationTest" time="0.005"/>
  <system-out><![CDATA[2023-12-23 15:20:05.116  INFO 15680 --- [    Test worker] .b.t.c.SpringBootTestContextBootstrapper : Neither @ContextConfiguration nor @ContextHierarchy found for test class [ru.netology.IlyaRomanov.OperationHistoryApiApplicationTest], using SpringBootContextLoader
2023-12-23 15:20:05.118  INFO 15680 --- [    Test worker] o.s.t.c.support.AbstractContextLoader    : Could not detect default resource locations for test class [ru.netology.IlyaRomanov.OperationHistoryApiApplicationTest]: no resource found for suffixes {-context.xml, Context.groovy}.
2023-12-23 15:20:05.118  INFO 15680 --- [    Test worker] t.c.s.AnnotationConfigContextLoaderUtils : Could not detect default configuration classes for test class [ru.netology.IlyaRomanov.OperationHistoryApiApplicationTest]: OperationHistoryApiApplicationTest does not declare any static, non-private, non-final, nested classes annotated with @Configuration.
2023-12-23 15:20:05.120  INFO 15680 --- [    Test worker] .b.t.c.SpringBootTestContextBootstrapper : Found @SpringBootConfiguration ru.netology.IlyaRomanov.OperationHistoryApiApplication for test class ru.netology.IlyaRomanov.OperationHistoryApiApplicationTest
2023-12-23 15:20:05.125  INFO 15680 --- [    Test worker] .b.t.c.SpringBootTestContextBootstrapper : Loaded default TestExecutionListener class names from location [META-INF/spring.factories]: [org.springframework.boot.test.autoconfigure.restdocs.RestDocsTestExecutionListener, org.springframework.boot.test.autoconfigure.web.client.MockRestServiceServerResetTestExecutionListener, org.springframework.boot.test.autoconfigure.web.servlet.MockMvcPrintOnlyOnFailureTestExecutionListener, org.springframework.boot.test.autoconfigure.web.servlet.WebDriverTestExecutionListener, org.springframework.boot.test.autoconfigure.webservices.client.MockWebServiceServerTestExecutionListener, org.springframework.boot.test.mock.mockito.MockitoTestExecutionListener, org.springframework.boot.test.mock.mockito.ResetMocksTestExecutionListener, org.springframework.test.context.web.ServletTestExecutionListener, org.springframework.test.context.support.DirtiesContextBeforeModesTestExecutionListener, org.springframework.test.context.event.ApplicationEventsTestExecutionListener, org.springframework.test.context.support.DependencyInjectionTestExecutionListener, org.springframework.test.context.support.DirtiesContextTestExecutionListener, org.springframework.test.context.transaction.TransactionalTestExecutionListener, org.springframework.test.context.jdbc.SqlScriptsTestExecutionListener, org.springframework.test.context.event.EventPublishingTestExecutionListener]
2023-12-23 15:20:05.127  INFO 15680 --- [    Test worker] .b.t.c.SpringBootTestContextBootstrapper : Using TestExecutionListeners: [org.springframework.test.context.web.ServletTestExecutionListener@7f6b7426, org.springframework.test.context.support.DirtiesContextBeforeModesTestExecutionListener@687eb455, org.springframework.test.context.event.ApplicationEventsTestExecutionListener@6d969330, org.springframework.boot.test.mock.mockito.MockitoTestExecutionListener@4861cca9, org.springframework.boot.test.autoconfigure.SpringBootDependencyInjectionTestExecutionListener@6c8f4bc7, org.springframework.test.context.support.DirtiesContextTestExecutionListener@714e861f, org.springframework.test.context.event.EventPublishingTestExecutionListener@28989415, org.springframework.boot.test.autoconfigure.restdocs.RestDocsTestExecutionListener@6eda012b, org.springframework.boot.test.autoconfigure.web.client.MockRestServiceServerResetTestExecutionListener@781dbe44, org.springframework.boot.test.autoconfigure.web.servlet.MockMvcPrintOnlyOnFailureTestExecutionListener@7d66a126, org.springframework.boot.test.autoconfigure.web.servlet.WebDriverTestExecutionListener@1132baa3, org.springframework.boot.test.autoconfigure.webservices.client.MockWebServiceServerTestExecutionListener@2fdf22f7, org.springframework.boot.test.mock.mockito.ResetMocksTestExecutionListener@3a2546d6]
]]></system-out>
  <system-err><![CDATA[]]></system-err>
</testsuite>
