<?xml version="1.0" encoding="UTF-8"?>
<testsuite name="ru.netology.IlyaRomanov.CustomerControllerTest" tests="4" skipped="0" failures="0" errors="0" timestamp="2023-12-23T10:19:56" hostname="ACRY" time="0.106">
  <properties/>
  <testcase name="contextLoad()" classname="ru.netology.IlyaRomanov.CustomerControllerTest" time="0.011"/>
  <testcase name="getCustomerTest()" classname="ru.netology.IlyaRomanov.CustomerControllerTest" time="0.019"/>
  <testcase name="addCustomerTest()" classname="ru.netology.IlyaRomanov.CustomerControllerTest" time="0.021"/>
  <testcase name="getCustomersTest()" classname="ru.netology.IlyaRomanov.CustomerControllerTest" time="0.016"/>
  <system-out><![CDATA[2023-12-23 15:19:56.786  INFO 15680 --- [    Test worker] .b.t.c.SpringBootTestContextBootstrapper : Neither @ContextConfiguration nor @ContextHierarchy found for test class [ru.netology.IlyaRomanov.CustomerControllerTest], using SpringBootContextLoader
2023-12-23 15:19:56.789  INFO 15680 --- [    Test worker] o.s.t.c.support.AbstractContextLoader    : Could not detect default resource locations for test class [ru.netology.IlyaRomanov.CustomerControllerTest]: no resource found for suffixes {-context.xml, Context.groovy}.
2023-12-23 15:19:56.790  INFO 15680 --- [    Test worker] t.c.s.AnnotationConfigContextLoaderUtils : Could not detect default configuration classes for test class [ru.netology.IlyaRomanov.CustomerControllerTest]: CustomerControllerTest does not declare any static, non-private, non-final, nested classes annotated with @Configuration.
2023-12-23 15:19:56.794  INFO 15680 --- [    Test worker] .b.t.c.SpringBootTestContextBootstrapper : Found @SpringBootConfiguration ru.netology.IlyaRomanov.OperationHistoryApiApplication for test class ru.netology.IlyaRomanov.CustomerControllerTest
2023-12-23 15:19:56.797  INFO 15680 --- [    Test worker] .b.t.c.SpringBootTestContextBootstrapper : Loaded default TestExecutionListener class names from location [META-INF/spring.factories]: [org.springframework.boot.test.autoconfigure.restdocs.RestDocsTestExecutionListener, org.springframework.boot.test.autoconfigure.web.client.MockRestServiceServerResetTestExecutionListener, org.springframework.boot.test.autoconfigure.web.servlet.MockMvcPrintOnlyOnFailureTestExecutionListener, org.springframework.boot.test.autoconfigure.web.servlet.WebDriverTestExecutionListener, org.springframework.boot.test.autoconfigure.webservices.client.MockWebServiceServerTestExecutionListener, org.springframework.boot.test.mock.mockito.MockitoTestExecutionListener, org.springframework.boot.test.mock.mockito.ResetMocksTestExecutionListener, org.springframework.test.context.web.ServletTestExecutionListener, org.springframework.test.context.support.DirtiesContextBeforeModesTestExecutionListener, org.springframework.test.context.event.ApplicationEventsTestExecutionListener, org.springframework.test.context.support.DependencyInjectionTestExecutionListener, org.springframework.test.context.support.DirtiesContextTestExecutionListener, org.springframework.test.context.transaction.TransactionalTestExecutionListener, org.springframework.test.context.jdbc.SqlScriptsTestExecutionListener, org.springframework.test.context.event.EventPublishingTestExecutionListener]
2023-12-23 15:19:56.799  INFO 15680 --- [    Test worker] .b.t.c.SpringBootTestContextBootstrapper : Using TestExecutionListeners: [org.springframework.test.context.web.ServletTestExecutionListener@370c7cc5, org.springframework.test.context.support.DirtiesContextBeforeModesTestExecutionListener@61b838f2, org.springframework.test.context.event.ApplicationEventsTestExecutionListener@2a04ab05, org.springframework.boot.test.mock.mockito.MockitoTestExecutionListener@5ebbde60, org.springframework.boot.test.autoconfigure.SpringBootDependencyInjectionTestExecutionListener@a056b26, org.springframework.test.context.support.DirtiesContextTestExecutionListener@2a5abd3c, org.springframework.test.context.event.EventPublishingTestExecutionListener@250967f1, org.springframework.boot.test.autoconfigure.restdocs.RestDocsTestExecutionListener@25c1f5ee, org.springframework.boot.test.autoconfigure.web.client.MockRestServiceServerResetTestExecutionListener@4bce62b, org.springframework.boot.test.autoconfigure.web.servlet.MockMvcPrintOnlyOnFailureTestExecutionListener@7bf018dd, org.springframework.boot.test.autoconfigure.web.servlet.WebDriverTestExecutionListener@15a8cebd, org.springframework.boot.test.autoconfigure.webservices.client.MockWebServiceServerTestExecutionListener@3f6c2763, org.springframework.boot.test.mock.mockito.ResetMocksTestExecutionListener@5c82031b]
]]></system-out>
  <system-err><![CDATA[]]></system-err>
</testsuite>
