<?xml version="1.0" encoding="UTF-8"?>
<testsuite name="ru.netology.IlyaRomanov.AsyncInputOperationServiceTest" tests="2" skipped="0" failures="0" errors="0" timestamp="2023-12-23T10:19:56" hostname="ACRY" time="0.024">
  <properties/>
  <testcase name="contextLoad()" classname="ru.netology.IlyaRomanov.AsyncInputOperationServiceTest" time="0.008"/>
  <testcase name="testOfferOperation()" classname="ru.netology.IlyaRomanov.AsyncInputOperationServiceTest" time="0.011"/>
  <system-out><![CDATA[2023-12-23 15:19:56.732  INFO 15680 --- [    Test worker] .b.t.c.SpringBootTestContextBootstrapper : Neither @ContextConfiguration nor @ContextHierarchy found for test class [ru.netology.IlyaRomanov.AsyncInputOperationServiceTest], using SpringBootContextLoader
2023-12-23 15:19:56.738  INFO 15680 --- [    Test worker] o.s.t.c.support.AbstractContextLoader    : Could not detect default resource locations for test class [ru.netology.IlyaRomanov.AsyncInputOperationServiceTest]: no resource found for suffixes {-context.xml, Context.groovy}.
2023-12-23 15:19:56.738  INFO 15680 --- [    Test worker] t.c.s.AnnotationConfigContextLoaderUtils : Could not detect default configuration classes for test class [ru.netology.IlyaRomanov.AsyncInputOperationServiceTest]: AsyncInputOperationServiceTest does not declare any static, non-private, non-final, nested classes annotated with @Configuration.
2023-12-23 15:19:56.744  INFO 15680 --- [    Test worker] .b.t.c.SpringBootTestContextBootstrapper : Found @SpringBootConfiguration ru.netology.IlyaRomanov.OperationHistoryApiApplication for test class ru.netology.IlyaRomanov.AsyncInputOperationServiceTest
2023-12-23 15:19:56.748  INFO 15680 --- [    Test worker] .b.t.c.SpringBootTestContextBootstrapper : Loaded default TestExecutionListener class names from location [META-INF/spring.factories]: [org.springframework.boot.test.autoconfigure.restdocs.RestDocsTestExecutionListener, org.springframework.boot.test.autoconfigure.web.client.MockRestServiceServerResetTestExecutionListener, org.springframework.boot.test.autoconfigure.web.servlet.MockMvcPrintOnlyOnFailureTestExecutionListener, org.springframework.boot.test.autoconfigure.web.servlet.WebDriverTestExecutionListener, org.springframework.boot.test.autoconfigure.webservices.client.MockWebServiceServerTestExecutionListener, org.springframework.boot.test.mock.mockito.MockitoTestExecutionListener, org.springframework.boot.test.mock.mockito.ResetMocksTestExecutionListener, org.springframework.test.context.web.ServletTestExecutionListener, org.springframework.test.context.support.DirtiesContextBeforeModesTestExecutionListener, org.springframework.test.context.event.ApplicationEventsTestExecutionListener, org.springframework.test.context.support.DependencyInjectionTestExecutionListener, org.springframework.test.context.support.DirtiesContextTestExecutionListener, org.springframework.test.context.transaction.TransactionalTestExecutionListener, org.springframework.test.context.jdbc.SqlScriptsTestExecutionListener, org.springframework.test.context.event.EventPublishingTestExecutionListener]
2023-12-23 15:19:56.749  INFO 15680 --- [    Test worker] .b.t.c.SpringBootTestContextBootstrapper : Using TestExecutionListeners: [org.springframework.test.context.web.ServletTestExecutionListener@4f5c30b1, org.springframework.test.context.support.DirtiesContextBeforeModesTestExecutionListener@62e73ab6, org.springframework.test.context.event.ApplicationEventsTestExecutionListener@5d7f8467, org.springframework.boot.test.mock.mockito.MockitoTestExecutionListener@29bd85db, org.springframework.boot.test.autoconfigure.SpringBootDependencyInjectionTestExecutionListener@7caf1e5, org.springframework.test.context.support.DirtiesContextTestExecutionListener@5c234920, org.springframework.test.context.event.EventPublishingTestExecutionListener@7ddeb27f, org.springframework.boot.test.autoconfigure.restdocs.RestDocsTestExecutionListener@38087342, org.springframework.boot.test.autoconfigure.web.client.MockRestServiceServerResetTestExecutionListener@681de87f, org.springframework.boot.test.autoconfigure.web.servlet.MockMvcPrintOnlyOnFailureTestExecutionListener@2eb1c615, org.springframework.boot.test.autoconfigure.web.servlet.WebDriverTestExecutionListener@2674d4f6, org.springframework.boot.test.autoconfigure.webservices.client.MockWebServiceServerTestExecutionListener@5d9d2119, org.springframework.boot.test.mock.mockito.ResetMocksTestExecutionListener@5a4464c5]
]]></system-out>
  <system-err><![CDATA[]]></system-err>
</testsuite>
