<?xml version="1.0" encoding="UTF-8"?>
<testsuite name="ru.netology.IlyaRomanov.OperationControllerTest" tests="4" skipped="0" failures="0" errors="0" timestamp="2023-12-23T10:19:57" hostname="ACRY" time="8.068">
  <properties/>
  <testcase name="contextLoad()" classname="ru.netology.IlyaRomanov.OperationControllerTest" time="0.008"/>
  <testcase name="deleteOperationTest()" classname="ru.netology.IlyaRomanov.OperationControllerTest" time="2.006"/>
  <testcase name="addOperationTest()" classname="ru.netology.IlyaRomanov.OperationControllerTest" time="3.02"/>
  <testcase name="getCustomerOperationsTest()" classname="ru.netology.IlyaRomanov.OperationControllerTest" time="3.021"/>
  <system-out><![CDATA[2023-12-23 15:19:57.010  INFO 15680 --- [    Test worker] .b.t.c.SpringBootTestContextBootstrapper : Neither @ContextConfiguration nor @ContextHierarchy found for test class [ru.netology.IlyaRomanov.OperationControllerTest], using SpringBootContextLoader
2023-12-23 15:19:57.012  INFO 15680 --- [    Test worker] o.s.t.c.support.AbstractContextLoader    : Could not detect default resource locations for test class [ru.netology.IlyaRomanov.OperationControllerTest]: no resource found for suffixes {-context.xml, Context.groovy}.
2023-12-23 15:19:57.013  INFO 15680 --- [    Test worker] t.c.s.AnnotationConfigContextLoaderUtils : Could not detect default configuration classes for test class [ru.netology.IlyaRomanov.OperationControllerTest]: OperationControllerTest does not declare any static, non-private, non-final, nested classes annotated with @Configuration.
2023-12-23 15:19:57.016  INFO 15680 --- [    Test worker] .b.t.c.SpringBootTestContextBootstrapper : Found @SpringBootConfiguration ru.netology.IlyaRomanov.OperationHistoryApiApplication for test class ru.netology.IlyaRomanov.OperationControllerTest
Processing operation: Operation(id=1, sum=123, currency=rub, merchant=Merch, clientId=1)
Waiting for next operation in queue
2023-12-23 15:19:57.034  INFO 15680 --- [    Test worker] .b.t.c.SpringBootTestContextBootstrapper : Loaded default TestExecutionListener class names from location [META-INF/spring.factories]: [org.springframework.boot.test.autoconfigure.restdocs.RestDocsTestExecutionListener, org.springframework.boot.test.autoconfigure.web.client.MockRestServiceServerResetTestExecutionListener, org.springframework.boot.test.autoconfigure.web.servlet.MockMvcPrintOnlyOnFailureTestExecutionListener, org.springframework.boot.test.autoconfigure.web.servlet.WebDriverTestExecutionListener, org.springframework.boot.test.autoconfigure.webservices.client.MockWebServiceServerTestExecutionListener, org.springframework.boot.test.mock.mockito.MockitoTestExecutionListener, org.springframework.boot.test.mock.mockito.ResetMocksTestExecutionListener, org.springframework.test.context.web.ServletTestExecutionListener, org.springframework.test.context.support.DirtiesContextBeforeModesTestExecutionListener, org.springframework.test.context.event.ApplicationEventsTestExecutionListener, org.springframework.test.context.support.DependencyInjectionTestExecutionListener, org.springframework.test.context.support.DirtiesContextTestExecutionListener, org.springframework.test.context.transaction.TransactionalTestExecutionListener, org.springframework.test.context.jdbc.SqlScriptsTestExecutionListener, org.springframework.test.context.event.EventPublishingTestExecutionListener]
2023-12-23 15:19:57.038  INFO 15680 --- [    Test worker] .b.t.c.SpringBootTestContextBootstrapper : Using TestExecutionListeners: [org.springframework.test.context.web.ServletTestExecutionListener@200d1a3d, org.springframework.test.context.support.DirtiesContextBeforeModesTestExecutionListener@7de147e9, org.springframework.test.context.event.ApplicationEventsTestExecutionListener@12567179, org.springframework.boot.test.mock.mockito.MockitoTestExecutionListener@37d699a1, org.springframework.boot.test.autoconfigure.SpringBootDependencyInjectionTestExecutionListener@7f42b194, org.springframework.test.context.support.DirtiesContextTestExecutionListener@8eb6f9a, org.springframework.test.context.event.EventPublishingTestExecutionListener@29170a47, org.springframework.boot.test.autoconfigure.restdocs.RestDocsTestExecutionListener@2a8f8555, org.springframework.boot.test.autoconfigure.web.client.MockRestServiceServerResetTestExecutionListener@402b4f81, org.springframework.boot.test.autoconfigure.web.servlet.MockMvcPrintOnlyOnFailureTestExecutionListener@13ef7fa1, org.springframework.boot.test.autoconfigure.web.servlet.WebDriverTestExecutionListener@23b1aa9, org.springframework.boot.test.autoconfigure.webservices.client.MockWebServiceServerTestExecutionListener@54489296, org.springframework.boot.test.mock.mockito.ResetMocksTestExecutionListener@4e8598d9]
Processing operation: Operation(id=1, sum=123, currency=rub, merchant=merch, clientId=1)
Processing operation: Operation(id=2, sum=1231, currency=rub, merchant=merch1, clientId=2)
Waiting for next operation in queue
Waiting for next operation in queue
Processing operation: Operation(id=1, sum=123, currency=rub, merchant=merch, clientId=1)
Processing operation: Operation(id=2, sum=1231, currency=rub, merchant=merch1, clientId=2)
Waiting for next operation in queue
Waiting for next operation in queue
Waiting for next operation in queue
Processing operation: Operation(id=1, sum=123, currency=rub, merchant=merch, clientId=1)
Processing operation: Operation(id=2, sum=1231, currency=rub, merchant=merch1, clientId=1)
Processing operation: Operation(id=1, sum=123, currency=rub, merchant=merch, clientId=1)
Waiting for next operation in queue
Waiting for next operation in queue
Waiting for next operation in queue
]]></system-out>
  <system-err><![CDATA[]]></system-err>
</testsuite>
