<?xml version="1.0" encoding="UTF-8"?>
<testsuite name="ru.netology.IlyaRomanov.StatementServiceTest" tests="3" skipped="0" failures="0" errors="0" timestamp="2023-12-23T10:19:56" hostname="ACRY" time="0.671">
  <properties/>
  <testcase name="contextLoad()" classname="ru.netology.IlyaRomanov.StatementServiceTest" time="0.637"/>
  <testcase name="deleteOperationById()" classname="ru.netology.IlyaRomanov.StatementServiceTest" time="0.01"/>
  <testcase name="AddToStatementTest()" classname="ru.netology.IlyaRomanov.StatementServiceTest" time="0.018"/>
  <system-out><![CDATA[15:19:52.988 [Test worker] DEBUG org.springframework.test.context.BootstrapUtils - Instantiating CacheAwareContextLoaderDelegate from class [org.springframework.test.context.cache.DefaultCacheAwareContextLoaderDelegate]
15:19:52.997 [Test worker] DEBUG org.springframework.test.context.BootstrapUtils - Instantiating BootstrapContext using constructor [public org.springframework.test.context.support.DefaultBootstrapContext(java.lang.Class,org.springframework.test.context.CacheAwareContextLoaderDelegate)]
15:19:53.031 [Test worker] DEBUG org.springframework.test.context.BootstrapUtils - Instantiating TestContextBootstrapper for test class [ru.netology.IlyaRomanov.StatementServiceTest] from class [org.springframework.boot.test.context.SpringBootTestContextBootstrapper]
15:19:53.041 [Test worker] INFO org.springframework.boot.test.context.SpringBootTestContextBootstrapper - Neither @ContextConfiguration nor @ContextHierarchy found for test class [ru.netology.IlyaRomanov.StatementServiceTest], using SpringBootContextLoader
15:19:53.045 [Test worker] DEBUG org.springframework.test.context.support.AbstractContextLoader - Did not detect default resource location for test class [ru.netology.IlyaRomanov.StatementServiceTest]: class path resource [ru/netology/IlyaRomanov/StatementServiceTest-context.xml] does not exist
15:19:53.045 [Test worker] DEBUG org.springframework.test.context.support.AbstractContextLoader - Did not detect default resource location for test class [ru.netology.IlyaRomanov.StatementServiceTest]: class path resource [ru/netology/IlyaRomanov/StatementServiceTestContext.groovy] does not exist
15:19:53.045 [Test worker] INFO org.springframework.test.context.support.AbstractContextLoader - Could not detect default resource locations for test class [ru.netology.IlyaRomanov.StatementServiceTest]: no resource found for suffixes {-context.xml, Context.groovy}.
15:19:53.046 [Test worker] INFO org.springframework.test.context.support.AnnotationConfigContextLoaderUtils - Could not detect default configuration classes for test class [ru.netology.IlyaRomanov.StatementServiceTest]: StatementServiceTest does not declare any static, non-private, non-final, nested classes annotated with @Configuration.
15:19:53.088 [Test worker] DEBUG org.springframework.test.context.support.ActiveProfilesUtils - Could not find an 'annotation declaring class' for annotation type [org.springframework.test.context.ActiveProfiles] and class [ru.netology.IlyaRomanov.StatementServiceTest]
15:19:53.172 [Test worker] DEBUG org.springframework.context.annotation.ClassPathScanningCandidateComponentProvider - Identified candidate component class: file [D:\Рабочий стол\API-Operations-History\build\classes\java\main\ru\netology\IlyaRomanov\OperationHistoryApiApplication.class]
15:19:53.175 [Test worker] INFO org.springframework.boot.test.context.SpringBootTestContextBootstrapper - Found @SpringBootConfiguration ru.netology.IlyaRomanov.OperationHistoryApiApplication for test class ru.netology.IlyaRomanov.StatementServiceTest
15:19:53.331 [Test worker] DEBUG org.springframework.boot.test.context.SpringBootTestContextBootstrapper - @TestExecutionListeners is not present for class [ru.netology.IlyaRomanov.StatementServiceTest]: using defaults.
15:19:53.332 [Test worker] INFO org.springframework.boot.test.context.SpringBootTestContextBootstrapper - Loaded default TestExecutionListener class names from location [META-INF/spring.factories]: [org.springframework.boot.test.autoconfigure.restdocs.RestDocsTestExecutionListener, org.springframework.boot.test.autoconfigure.web.client.MockRestServiceServerResetTestExecutionListener, org.springframework.boot.test.autoconfigure.web.servlet.MockMvcPrintOnlyOnFailureTestExecutionListener, org.springframework.boot.test.autoconfigure.web.servlet.WebDriverTestExecutionListener, org.springframework.boot.test.autoconfigure.webservices.client.MockWebServiceServerTestExecutionListener, org.springframework.boot.test.mock.mockito.MockitoTestExecutionListener, org.springframework.boot.test.mock.mockito.ResetMocksTestExecutionListener, org.springframework.test.context.web.ServletTestExecutionListener, org.springframework.test.context.support.DirtiesContextBeforeModesTestExecutionListener, org.springframework.test.context.event.ApplicationEventsTestExecutionListener, org.springframework.test.context.support.DependencyInjectionTestExecutionListener, org.springframework.test.context.support.DirtiesContextTestExecutionListener, org.springframework.test.context.transaction.TransactionalTestExecutionListener, org.springframework.test.context.jdbc.SqlScriptsTestExecutionListener, org.springframework.test.context.event.EventPublishingTestExecutionListener]
15:19:53.350 [Test worker] DEBUG org.springframework.boot.test.context.SpringBootTestContextBootstrapper - Skipping candidate TestExecutionListener [org.springframework.test.context.transaction.TransactionalTestExecutionListener] due to a missing dependency. Specify custom listener classes or make the default listener classes and their required dependencies available. Offending class: [org/springframework/transaction/interceptor/TransactionAttributeSource]
15:19:53.350 [Test worker] DEBUG org.springframework.boot.test.context.SpringBootTestContextBootstrapper - Skipping candidate TestExecutionListener [org.springframework.test.context.jdbc.SqlScriptsTestExecutionListener] due to a missing dependency. Specify custom listener classes or make the default listener classes and their required dependencies available. Offending class: [org/springframework/transaction/interceptor/TransactionAttribute]
15:19:53.352 [Test worker] INFO org.springframework.boot.test.context.SpringBootTestContextBootstrapper - Using TestExecutionListeners: [org.springframework.test.context.web.ServletTestExecutionListener@569bf9eb, org.springframework.test.context.support.DirtiesContextBeforeModesTestExecutionListener@61526469, org.springframework.test.context.event.ApplicationEventsTestExecutionListener@274872f8, org.springframework.boot.test.mock.mockito.MockitoTestExecutionListener@76ba13c, org.springframework.boot.test.autoconfigure.SpringBootDependencyInjectionTestExecutionListener@eb6449b, org.springframework.test.context.support.DirtiesContextTestExecutionListener@7c351808, org.springframework.test.context.event.EventPublishingTestExecutionListener@180e6ac4, org.springframework.boot.test.autoconfigure.restdocs.RestDocsTestExecutionListener@42b64ab8, org.springframework.boot.test.autoconfigure.web.client.MockRestServiceServerResetTestExecutionListener@7e985ce9, org.springframework.boot.test.autoconfigure.web.servlet.MockMvcPrintOnlyOnFailureTestExecutionListener@2a39fe6a, org.springframework.boot.test.autoconfigure.web.servlet.WebDriverTestExecutionListener@410ae9a3, org.springframework.boot.test.autoconfigure.webservices.client.MockWebServiceServerTestExecutionListener@319988b0, org.springframework.boot.test.mock.mockito.ResetMocksTestExecutionListener@d5ae57e]
15:19:53.359 [Test worker] DEBUG org.springframework.test.context.support.AbstractDirtiesContextTestExecutionListener - Before test class: context [DefaultTestContext@4eed46ee testClass = StatementServiceTest, testInstance = [null], testMethod = [null], testException = [null], mergedContextConfiguration = [WebMergedContextConfiguration@36b0fcd5 testClass = StatementServiceTest, locations = '{}', classes = '{class ru.netology.IlyaRomanov.OperationHistoryApiApplication}', contextInitializerClasses = '[]', activeProfiles = '{}', propertySourceLocations = '{}', propertySourceProperties = '{org.springframework.boot.test.context.SpringBootTestContextBootstrapper=true}', contextCustomizers = set[org.springframework.boot.test.autoconfigure.actuate.metrics.MetricsExportContextCustomizerFactory$DisableMetricExportContextCustomizer@79179359, org.springframework.boot.test.autoconfigure.properties.PropertyMappingContextCustomizer@0, org.springframework.boot.test.autoconfigure.web.servlet.WebDriverContextCustomizerFactory$Customizer@db57326, org.springframework.boot.test.context.filter.ExcludeFilterContextCustomizer@1a6c1270, org.springframework.boot.test.json.DuplicateJsonObjectContextCustomizerFactory$DuplicateJsonObjectContextCustomizer@6ee6f53, org.springframework.boot.test.mock.mockito.MockitoContextCustomizer@0, org.springframework.boot.test.web.client.TestRestTemplateContextCustomizer@7241a47d, org.springframework.boot.test.context.SpringBootTestArgs@1, org.springframework.boot.test.context.SpringBootTestWebEnvironment@63a12c68], resourceBasePath = 'src/main/webapp', contextLoader = 'org.springframework.boot.test.context.SpringBootContextLoader', parent = [null]], attributes = map['org.springframework.test.context.web.ServletTestExecutionListener.activateListener' -> true]], class annotated with @DirtiesContext [false] with mode [null].

  .   ____          _            __ _ _
 /\\ / ___'_ __ _ _(_)_ __  __ _ \ \ \ \
( ( )\___ | '_ | '_| | '_ \/ _` | \ \ \ \
 \\/  ___)| |_)| | | | | || (_| |  ) ) ) )
  '  |____| .__|_| |_|_| |_\__, | / / / /
 =========|_|==============|___/=/_/_/_/
 :: Spring Boot ::                (v2.7.4)

2023-12-23 15:19:53.807  INFO 15680 --- [    Test worker] r.n.IlyaRomanov.StatementServiceTest     : Starting StatementServiceTest using Java 17.0.9 on Acry with PID 15680 (started by eagle in D:\Рабочий стол\API-Operations-History)
2023-12-23 15:19:53.810  INFO 15680 --- [    Test worker] r.n.IlyaRomanov.StatementServiceTest     : No active profile set, falling back to 1 default profile: "default"
Waiting for next operation in queue
Waiting for next operation in queue
2023-12-23 15:19:56.015  INFO 15680 --- [    Test worker] r.n.IlyaRomanov.StatementServiceTest     : Started StatementServiceTest in 2.597 seconds (JVM running for 4.054)
]]></system-out>
  <system-err><![CDATA[]]></system-err>
</testsuite>
